2024-04-19 11:05:29,000 - 304 GET /signin (::1) 1.40ms
2024-04-19 11:05:29,120 - 404 GET /static/login_2.jpg (::1) 0.00ms
2024-04-19 11:05:43,367 - 302 POST /signin (::1) 510.70ms
2024-04-19 11:05:43,758 - 200 GET /home (::1) 329.35ms
2024-04-19 11:05:43,864 - 404 GET /static/login_2.jpg (::1) 7.09ms
2024-04-19 11:37:12,471 - 200 GET / (::1) 2.01ms
2024-04-19 11:37:12,543 - 404 GET /static/login_2.jpg (::1) 1.00ms
2024-04-19 11:37:14,397 - 304 GET / (::1) 1.00ms
2024-04-19 11:37:14,443 - 404 GET /static/login_2.jpg (::1) 2.00ms
2024-04-19 12:18:12,581 - 200 GET /home (::1) 358.45ms
2024-04-19 12:18:12,690 - 200 GET /static/style.css (::1) 89.78ms
2024-04-19 12:18:12,731 - 404 GET /static/login_2.jpg (::1) 3.00ms
2024-04-19 12:18:12,888 - 404 GET /favicon.ico (::1) 0.52ms
2024-04-19 12:18:20,847 - 302 GET /logout (::1) 1.12ms
2024-04-19 12:18:20,856 - 200 GET / (::1) 4.00ms
2024-04-19 12:18:20,917 - 404 GET /static/login_2.jpg (::1) 1.00ms
2024-04-19 12:18:27,956 - 200 GET /signin (::1) 3.12ms
2024-04-19 12:18:28,024 - 404 GET /static/login_2.jpg (::1) 1.00ms
2024-04-19 12:18:39,279 - 302 POST /signin (::1) 351.28ms
2024-04-19 12:18:39,737 - 304 GET /home (::1) 428.39ms
2024-04-19 12:18:39,813 - 404 GET /static/login_2.jpg (::1) 1.27ms
2024-04-19 12:24:45,913 - 304 GET /home (::1) 200.52ms
2024-04-19 12:24:46,099 - 404 GET /static/login_2.jpg (::1) 0.00ms
2024-04-19 12:51:23,513 - 304 GET /home (::1) 190.53ms
2024-04-19 12:51:23,674 - 404 GET /static/login_2.jpg (::1) 1.80ms
2024-04-19 15:19:11,991 - 304 GET / (::1) 10.13ms
2024-04-19 15:19:12,701 - 404 GET /static/login_2.jpg (::1) 266.72ms
2024-04-19 16:14:37,084 - 304 GET /home (::1) 730.40ms
2024-04-19 16:14:37,222 - 404 GET /static/login_2.jpg (::1) 8.44ms
